[error] [2023-03-21T17:29:57.718Z] : uncaughtException: error:0308010C:digital envelope routines::unsupported
Error: error:0308010C:digital envelope routines::unsupported
    at new Hash (node:internal/crypto/hash:71:19)
    at Object.createHash (node:crypto:133:10)
    at BulkUpdateDecorator.hashFactory (C:\Users\henry\Documents\NodeToZoho\NylexExt\node_modules\webpack\lib\util\createHash.js:138:18)
    at BulkUpdateDecorator.update (C:\Users\henry\Documents\NodeToZoho\NylexExt\node_modules\webpack\lib\util\createHash.js:44:50)
    at RawSource.updateHash (C:\Users\henry\Documents\NodeToZoho\NylexExt\node_modules\webpack-sources\lib\RawSource.js:64:8)
    at NormalModule._initBuildHash (C:\Users\henry\Documents\NodeToZoho\NylexExt\node_modules\webpack\lib\NormalModule.js:736:17)
    at handleParseResult (C:\Users\henry\Documents\NodeToZoho\NylexExt\node_modules\webpack\lib\NormalModule.js:800:10)
    at C:\Users\henry\Documents\NodeToZoho\NylexExt\node_modules\webpack\lib\NormalModule.js:853:4
    at processResult (C:\Users\henry\Documents\NodeToZoho\NylexExt\node_modules\webpack\lib\NormalModule.js:624:11)
    at C:\Users\henry\Documents\NodeToZoho\NylexExt\node_modules\webpack\lib\NormalModule.js:675:5
[error] [2023-03-21T17:33:12.180Z] : uncaughtException: error:0308010C:digital envelope routines::unsupported
Error: error:0308010C:digital envelope routines::unsupported
    at new Hash (node:internal/crypto/hash:71:19)
    at Object.createHash (node:crypto:133:10)
    at BulkUpdateDecorator.hashFactory (C:\Users\henry\Documents\NodeToZoho\NylexExt\node_modules\webpack\lib\util\createHash.js:138:18)
    at BulkUpdateDecorator.update (C:\Users\henry\Documents\NodeToZoho\NylexExt\node_modules\webpack\lib\util\createHash.js:44:50)
    at RawSource.updateHash (C:\Users\henry\Documents\NodeToZoho\NylexExt\node_modules\webpack-sources\lib\RawSource.js:64:8)
    at NormalModule._initBuildHash (C:\Users\henry\Documents\NodeToZoho\NylexExt\node_modules\webpack\lib\NormalModule.js:736:17)
    at handleParseResult (C:\Users\henry\Documents\NodeToZoho\NylexExt\node_modules\webpack\lib\NormalModule.js:800:10)
    at C:\Users\henry\Documents\NodeToZoho\NylexExt\node_modules\webpack\lib\NormalModule.js:853:4
    at processResult (C:\Users\henry\Documents\NodeToZoho\NylexExt\node_modules\webpack\lib\NormalModule.js:624:11)
    at C:\Users\henry\Documents\NodeToZoho\NylexExt\node_modules\webpack\lib\NormalModule.js:675:5
[error] [2023-03-21T17:36:41.156Z] : uncaughtException: error:0308010C:digital envelope routines::unsupported
Error: error:0308010C:digital envelope routines::unsupported
    at new Hash (node:internal/crypto/hash:71:19)
    at Object.createHash (node:crypto:133:10)
    at BulkUpdateDecorator.hashFactory (C:\Users\henry\Documents\NodeToZoho\NylexExt\node_modules\webpack\lib\util\createHash.js:138:18)
    at BulkUpdateDecorator.update (C:\Users\henry\Documents\NodeToZoho\NylexExt\node_modules\webpack\lib\util\createHash.js:44:50)
    at RawSource.updateHash (C:\Users\henry\Documents\NodeToZoho\NylexExt\node_modules\webpack-sources\lib\RawSource.js:64:8)
    at NormalModule._initBuildHash (C:\Users\henry\Documents\NodeToZoho\NylexExt\node_modules\webpack\lib\NormalModule.js:736:17)
    at handleParseResult (C:\Users\henry\Documents\NodeToZoho\NylexExt\node_modules\webpack\lib\NormalModule.js:800:10)
    at C:\Users\henry\Documents\NodeToZoho\NylexExt\node_modules\webpack\lib\NormalModule.js:853:4
    at processResult (C:\Users\henry\Documents\NodeToZoho\NylexExt\node_modules\webpack\lib\NormalModule.js:624:11)
    at C:\Users\henry\Documents\NodeToZoho\NylexExt\node_modules\webpack\lib\NormalModule.js:675:5
[error] [2023-03-21T17:50:08.511Z] : uncaughtException: error:0308010C:digital envelope routines::unsupported
Error: error:0308010C:digital envelope routines::unsupported
    at new Hash (node:internal/crypto/hash:71:19)
    at Object.createHash (node:crypto:133:10)
    at BulkUpdateDecorator.hashFactory (C:\Users\henry\Documents\NodeToZoho\NylexExt\node_modules\webpack\lib\util\createHash.js:138:18)
    at BulkUpdateDecorator.update (C:\Users\henry\Documents\NodeToZoho\NylexExt\node_modules\webpack\lib\util\createHash.js:44:50)
    at RawSource.updateHash (C:\Users\henry\Documents\NodeToZoho\NylexExt\node_modules\webpack-sources\lib\RawSource.js:64:8)
    at NormalModule._initBuildHash (C:\Users\henry\Documents\NodeToZoho\NylexExt\node_modules\webpack\lib\NormalModule.js:736:17)
    at handleParseResult (C:\Users\henry\Documents\NodeToZoho\NylexExt\node_modules\webpack\lib\NormalModule.js:800:10)
    at C:\Users\henry\Documents\NodeToZoho\NylexExt\node_modules\webpack\lib\NormalModule.js:853:4
    at processResult (C:\Users\henry\Documents\NodeToZoho\NylexExt\node_modules\webpack\lib\NormalModule.js:624:11)
    at C:\Users\henry\Documents\NodeToZoho\NylexExt\node_modules\webpack\lib\NormalModule.js:675:5
[error] [2023-03-21T17:51:07.716Z] : uncaughtException: error:0308010C:digital envelope routines::unsupported
Error: error:0308010C:digital envelope routines::unsupported
    at new Hash (node:internal/crypto/hash:71:19)
    at Object.createHash (node:crypto:133:10)
    at BulkUpdateDecorator.hashFactory (C:\Users\henry\Documents\NodeToZoho\NylexExt\node_modules\webpack\lib\util\createHash.js:138:18)
    at BulkUpdateDecorator.update (C:\Users\henry\Documents\NodeToZoho\NylexExt\node_modules\webpack\lib\util\createHash.js:44:50)
    at RawSource.updateHash (C:\Users\henry\Documents\NodeToZoho\NylexExt\node_modules\webpack-sources\lib\RawSource.js:64:8)
    at NormalModule._initBuildHash (C:\Users\henry\Documents\NodeToZoho\NylexExt\node_modules\webpack\lib\NormalModule.js:736:17)
    at handleParseResult (C:\Users\henry\Documents\NodeToZoho\NylexExt\node_modules\webpack\lib\NormalModule.js:800:10)
    at C:\Users\henry\Documents\NodeToZoho\NylexExt\node_modules\webpack\lib\NormalModule.js:853:4
    at processResult (C:\Users\henry\Documents\NodeToZoho\NylexExt\node_modules\webpack\lib\NormalModule.js:624:11)
    at C:\Users\henry\Documents\NodeToZoho\NylexExt\node_modules\webpack\lib\NormalModule.js:675:5
[error] [2023-03-21T18:53:44.606Z] : × You are not currently logged in. Use command 'ZET login' to login.
[error] [2023-03-21T18:54:45.139Z] : uncaughtException: error:0308010C:digital envelope routines::unsupported
Error: error:0308010C:digital envelope routines::unsupported
    at new Hash (node:internal/crypto/hash:71:19)
    at Object.createHash (node:crypto:133:10)
    at BulkUpdateDecorator.hashFactory (C:\Users\henry\Documents\NodeToZoho\NylexExt\node_modules\webpack\lib\util\createHash.js:138:18)
    at BulkUpdateDecorator.update (C:\Users\henry\Documents\NodeToZoho\NylexExt\node_modules\webpack\lib\util\createHash.js:44:50)
    at RawSource.updateHash (C:\Users\henry\Documents\NodeToZoho\NylexExt\node_modules\webpack-sources\lib\RawSource.js:64:8)
    at NormalModule._initBuildHash (C:\Users\henry\Documents\NodeToZoho\NylexExt\node_modules\webpack\lib\NormalModule.js:736:17)
    at handleParseResult (C:\Users\henry\Documents\NodeToZoho\NylexExt\node_modules\webpack\lib\NormalModule.js:800:10)
    at C:\Users\henry\Documents\NodeToZoho\NylexExt\node_modules\webpack\lib\NormalModule.js:853:4
    at processResult (C:\Users\henry\Documents\NodeToZoho\NylexExt\node_modules\webpack\lib\NormalModule.js:624:11)
    at C:\Users\henry\Documents\NodeToZoho\NylexExt\node_modules\webpack\lib\NormalModule.js:675:5
